[debug] [2025-03-27T13:35:16.186Z] ----------------------------------------------------------------------
[debug] [2025-03-27T13:35:16.190Z] Command:       C:\Program Files\nodejs\node.exe C:\Users\HP\AppData\Roaming\npm\node_modules\firebase-tools\lib\bin\firebase.js init
[debug] [2025-03-27T13:35:16.190Z] CLI Version:   13.35.1
[debug] [2025-03-27T13:35:16.190Z] Platform:      win32
[debug] [2025-03-27T13:35:16.191Z] Node Version:  v22.14.0
[debug] [2025-03-27T13:35:16.191Z] Time:          Thu Mar 27 2025 14:35:16 GMT+0100 (stredoeurópsky štandardný čas)
[debug] [2025-03-27T13:35:16.191Z] ----------------------------------------------------------------------
[debug] 
[debug] [2025-03-27T13:35:16.198Z] > command requires scopes: ["email","openid","https://www.googleapis.com/auth/cloudplatformprojects.readonly","https://www.googleapis.com/auth/firebase","https://www.googleapis.com/auth/cloud-platform"]
[debug] [2025-03-27T13:35:16.198Z] > authorizing via signed-in user (jakubney27@gmail.com)
[info] 
     ######## #### ########  ######## ########     ###     ######  ########
     ##        ##  ##     ## ##       ##     ##  ##   ##  ##       ##
     ######    ##  ########  ######   ########  #########  ######  ######
     ##        ##  ##    ##  ##       ##     ## ##     ##       ## ##
     ##       #### ##     ## ######## ########  ##     ##  ######  ########

You're about to initialize a Firebase project in this directory:

  C:\Users\HP\OneDrive\Desktop\Stranka

[info] 
=== Project Setup
[info] 
[info] First, let's associate this project directory with a Firebase project.
[info] You can create multiple project aliases by running firebase use --add, 
[info] but for now we'll just set up a default project.
[info] 
[debug] [2025-03-27T13:35:24.007Z] Checked if tokens are valid: true, expires at: 1743085845308
[debug] [2025-03-27T13:35:24.007Z] Checked if tokens are valid: true, expires at: 1743085845308
[debug] [2025-03-27T13:35:24.009Z] >>> [apiv2][query] GET https://firebase.googleapis.com/v1beta1/projects pageSize=100
[debug] [2025-03-27T13:35:24.570Z] <<< [apiv2][status] GET https://firebase.googleapis.com/v1beta1/projects 200
[debug] [2025-03-27T13:35:24.570Z] <<< [apiv2][body] GET https://firebase.googleapis.com/v1beta1/projects [omitted]
[info] i  Using project bytestream-b25c7 (ByteStream) 
[info] 
=== Dataconnect Setup
[debug] [2025-03-27T13:35:26.595Z] Checked if tokens are valid: true, expires at: 1743085845308
[debug] [2025-03-27T13:35:26.595Z] Checked if tokens are valid: true, expires at: 1743085845308
[debug] [2025-03-27T13:35:26.595Z] >>> [apiv2][query] GET https://cloudbilling.googleapis.com/v1/projects/bytestream-b25c7/billingInfo [none]
[debug] [2025-03-27T13:35:27.368Z] <<< [apiv2][status] GET https://cloudbilling.googleapis.com/v1/projects/bytestream-b25c7/billingInfo 200
[debug] [2025-03-27T13:35:27.368Z] <<< [apiv2][body] GET https://cloudbilling.googleapis.com/v1/projects/bytestream-b25c7/billingInfo {"name":"projects/bytestream-b25c7/billingInfo","projectId":"bytestream-b25c7","billingAccountName":"","billingEnabled":false}
[info] i  dataconnect: ensuring required API sqladmin.googleapis.com is enabled... 
[debug] [2025-03-27T13:35:27.369Z] Checked if tokens are valid: true, expires at: 1743085845308
[debug] [2025-03-27T13:35:27.369Z] Checked if tokens are valid: true, expires at: 1743085845308
[debug] [2025-03-27T13:35:27.369Z] >>> [apiv2][query] GET https://serviceusage.googleapis.com/v1/projects/bytestream-b25c7/services/sqladmin.googleapis.com [none]
[debug] [2025-03-27T13:35:27.369Z] >>> [apiv2][(partial)header] GET https://serviceusage.googleapis.com/v1/projects/bytestream-b25c7/services/sqladmin.googleapis.com x-goog-quota-user=projects/bytestream-b25c7
[debug] [2025-03-27T13:35:28.293Z] <<< [apiv2][status] GET https://serviceusage.googleapis.com/v1/projects/bytestream-b25c7/services/sqladmin.googleapis.com 200
[debug] [2025-03-27T13:35:28.293Z] <<< [apiv2][body] GET https://serviceusage.googleapis.com/v1/projects/bytestream-b25c7/services/sqladmin.googleapis.com [omitted]
[info] +  dataconnect: required API sqladmin.googleapis.com is enabled 
[info] i  dataconnect\dataconnect.yaml is unchanged 
[info] i  dataconnect\schema\schema.gql is unchanged 
[info] i  Skipping write of dataconnect\connector\connector.yaml 
[info] i  dataconnect\connector\queries.gql is unchanged 
[info] i  dataconnect\connector\mutations.gql is unchanged 
[info] +  Detected WEB app in directory C:\Users\HP\OneDrive\Desktop\Stranka 
[info] i  Wrote new config to C:\Users\HP\OneDrive\Desktop\Stranka\dataconnect\connector/connector.yaml 
[debug] [2025-03-27T13:35:42.384Z] defaultcredentials: writing to file C:\Users\HP\AppData\Roaming\firebase\jakubney27_gmail_com_application_default_credentials.json
[debug] [2025-03-27T13:35:42.386Z] Setting GAC to C:\Users\HP\AppData\Roaming\firebase\jakubney27_gmail_com_application_default_credentials.json {"metadata":{"emulator":{"name":"dataconnect"},"message":"Setting GAC to C:\\Users\\HP\\AppData\\Roaming\\firebase\\jakubney27_gmail_com_application_default_credentials.json"}}
[info] I0327 14:35:42.440072   26868 codegen.go:82] [connector "default" javascriptSdk] Generating sources into "C:\\Users\\HP\\OneDrive\\Desktop\\Stranka\\dataconnect-generated\\js\\default-connector"
I0327 14:35:42.451497   26868 generate.go:40] Generated all sources. Writing them to disk...
I0327 14:35:42.453747   26868 collector.go:107] connector "default" javascriptSdk wrote into "C:\\Users\\HP\\OneDrive\\Desktop\\Stranka\\dataconnect-generated\\js\\default-connector"
Generated sources: index.cjs.js [146B] package.json [634B] README.md [2800B] index.d.ts [246B] esm\index.esm.js [110B] esm\package.json [17B] 
I0327 14:35:42.458760   26868 installsdk.go:76] Running command: C:\Program Files\nodejs\npm.cmd install file:dataconnect-generated\js\default-connector

[info] i  Generated SDK code for default 
[info] +  If you'd like to add more generated SDKs to your app your later, run firebase init dataconnect:sdk again 
[info] i  If you'd like to provision a CloudSQL Postgres instance on the Firebase Data Connect no-cost trial:
1. Please upgrade to the pay-as-you-go (Blaze) billing plan. Visit the following page:
     https://console.firebase.google.com/project/bytestream-b25c7/usage/details
2. Run firebase init dataconnect again to configure the Cloud SQL instance.
3. Run firebase deploy --only dataconnect to deploy your Data Connect service. 
[info] 
=== Firestore Setup
[debug] [2025-03-27T13:35:43.671Z] Checked if tokens are valid: true, expires at: 1743085845308
[debug] [2025-03-27T13:35:43.671Z] Checked if tokens are valid: true, expires at: 1743085845308
[debug] [2025-03-27T13:35:43.671Z] >>> [apiv2][query] GET https://serviceusage.googleapis.com/v1/projects/bytestream-b25c7/services/firestore.googleapis.com [none]
[debug] [2025-03-27T13:35:43.671Z] >>> [apiv2][(partial)header] GET https://serviceusage.googleapis.com/v1/projects/bytestream-b25c7/services/firestore.googleapis.com x-goog-quota-user=projects/bytestream-b25c7
[debug] [2025-03-27T13:35:44.711Z] <<< [apiv2][status] GET https://serviceusage.googleapis.com/v1/projects/bytestream-b25c7/services/firestore.googleapis.com 200
[debug] [2025-03-27T13:35:44.712Z] <<< [apiv2][body] GET https://serviceusage.googleapis.com/v1/projects/bytestream-b25c7/services/firestore.googleapis.com [omitted]
[debug] [2025-03-27T13:35:44.712Z] Checked if tokens are valid: true, expires at: 1743085845308
[debug] [2025-03-27T13:35:44.712Z] Checked if tokens are valid: true, expires at: 1743085845308
[debug] [2025-03-27T13:35:44.712Z] >>> [apiv2][query] GET https://firestore.googleapis.com/v1/projects/bytestream-b25c7/databases/(default) [none]
[debug] [2025-03-27T13:35:48.565Z] <<< [apiv2][status] GET https://firestore.googleapis.com/v1/projects/bytestream-b25c7/databases/(default) 200
[debug] [2025-03-27T13:35:48.565Z] <<< [apiv2][body] GET https://firestore.googleapis.com/v1/projects/bytestream-b25c7/databases/(default) {"name":"projects/bytestream-b25c7/databases/(default)","uid":"0ff7cd64-6dfc-457e-9f3b-49758f980a9b","createTime":"2025-03-27T13:33:55.325355Z","updateTime":"2025-03-27T13:33:55.325355Z","locationId":"eur3","type":"FIRESTORE_NATIVE","concurrencyMode":"PESSIMISTIC","versionRetentionPeriod":"3600s","earliestVersionTime":"2025-03-27T13:33:55.325355Z","appEngineIntegrationMode":"DISABLED","keyPrefix":"e","pointInTimeRecoveryEnablement":"POINT_IN_TIME_RECOVERY_DISABLED","deleteProtectionState":"DELETE_PROTECTION_DISABLED","databaseEdition":"STANDARD","freeTier":true,"etag":"ILfO9MCwqowDMKvb/IqwqowD"}
[debug] [2025-03-27T13:35:48.565Z] database_type: FIRESTORE_NATIVE
[debug] [2025-03-27T13:35:48.565Z] database_type: FIRESTORE_NATIVE
[debug] [2025-03-27T13:35:48.565Z] > command requires scopes: ["email","openid","https://www.googleapis.com/auth/cloudplatformprojects.readonly","https://www.googleapis.com/auth/firebase","https://www.googleapis.com/auth/cloud-platform"]
[debug] [2025-03-27T13:35:48.565Z] > authorizing via signed-in user (jakubney27@gmail.com)
[debug] [2025-03-27T13:35:48.565Z] [iam] checking project bytestream-b25c7 for permissions ["firebase.projects.get"]
[debug] [2025-03-27T13:35:48.566Z] Checked if tokens are valid: true, expires at: 1743085845308
[debug] [2025-03-27T13:35:48.566Z] Checked if tokens are valid: true, expires at: 1743085845308
[debug] [2025-03-27T13:35:48.566Z] >>> [apiv2][query] POST https://cloudresourcemanager.googleapis.com/v1/projects/bytestream-b25c7:testIamPermissions [none]
[debug] [2025-03-27T13:35:48.566Z] >>> [apiv2][(partial)header] POST https://cloudresourcemanager.googleapis.com/v1/projects/bytestream-b25c7:testIamPermissions x-goog-quota-user=projects/bytestream-b25c7
[debug] [2025-03-27T13:35:48.566Z] >>> [apiv2][body] POST https://cloudresourcemanager.googleapis.com/v1/projects/bytestream-b25c7:testIamPermissions {"permissions":["firebase.projects.get"]}
[debug] [2025-03-27T13:35:49.353Z] <<< [apiv2][status] POST https://cloudresourcemanager.googleapis.com/v1/projects/bytestream-b25c7:testIamPermissions 200
[debug] [2025-03-27T13:35:49.353Z] <<< [apiv2][body] POST https://cloudresourcemanager.googleapis.com/v1/projects/bytestream-b25c7:testIamPermissions {"permissions":["firebase.projects.get"]}
[info] 
[info] Firestore Security Rules allow you to define how and when to allow
[info] requests. You can keep these rules in your project directory
[info] and publish them with firebase deploy.
[info] 
[debug] [2025-03-27T13:35:51.744Z] Checked if tokens are valid: true, expires at: 1743085845308
[debug] [2025-03-27T13:35:51.744Z] Checked if tokens are valid: true, expires at: 1743085845308
[debug] [2025-03-27T13:35:51.744Z] >>> [apiv2][query] GET https://firebaserules.googleapis.com/v1/projects/bytestream-b25c7/releases pageSize=10&pageToken=
[debug] [2025-03-27T13:35:52.197Z] <<< [apiv2][status] GET https://firebaserules.googleapis.com/v1/projects/bytestream-b25c7/releases 200
[debug] [2025-03-27T13:35:52.197Z] <<< [apiv2][body] GET https://firebaserules.googleapis.com/v1/projects/bytestream-b25c7/releases {"releases":[{"name":"projects/bytestream-b25c7/releases/cloud.firestore","rulesetName":"projects/bytestream-b25c7/rulesets/bdee9b1b-29ac-475d-876f-1ff8f731926e","createTime":"2025-03-27T13:34:01.431894Z","updateTime":"2025-03-27T13:34:01.431894Z"}]}
[debug] [2025-03-27T13:35:52.197Z] Found ruleset: projects/bytestream-b25c7/rulesets/bdee9b1b-29ac-475d-876f-1ff8f731926e
[debug] [2025-03-27T13:35:52.197Z] Checked if tokens are valid: true, expires at: 1743085845308
[debug] [2025-03-27T13:35:52.197Z] Checked if tokens are valid: true, expires at: 1743085845308
[debug] [2025-03-27T13:35:52.197Z] >>> [apiv2][query] GET https://firebaserules.googleapis.com/v1/projects/bytestream-b25c7/rulesets/bdee9b1b-29ac-475d-876f-1ff8f731926e [none]
[debug] [2025-03-27T13:35:52.909Z] <<< [apiv2][status] GET https://firebaserules.googleapis.com/v1/projects/bytestream-b25c7/rulesets/bdee9b1b-29ac-475d-876f-1ff8f731926e 200
[debug] [2025-03-27T13:35:52.909Z] <<< [apiv2][body] GET https://firebaserules.googleapis.com/v1/projects/bytestream-b25c7/rulesets/bdee9b1b-29ac-475d-876f-1ff8f731926e [omitted]
[info] 
[info] Firestore indexes allow you to perform complex queries while
[info] maintaining performance that scales with the size of the result
[info] set. You can keep index definitions in your project directory
[info] and publish them with firebase deploy.
[info] 
[debug] [2025-03-27T13:35:53.698Z] Checked if tokens are valid: true, expires at: 1743085845308
[debug] [2025-03-27T13:35:53.699Z] Checked if tokens are valid: true, expires at: 1743085845308
[debug] [2025-03-27T13:35:53.699Z] Checked if tokens are valid: true, expires at: 1743085845308
[debug] [2025-03-27T13:35:53.699Z] Checked if tokens are valid: true, expires at: 1743085845308
[debug] [2025-03-27T13:35:53.699Z] >>> [apiv2][query] GET https://firestore.googleapis.com/v1/projects/bytestream-b25c7/databases/(default)/collectionGroups/-/indexes [none]
[debug] [2025-03-27T13:35:53.701Z] >>> [apiv2][query] GET https://firestore.googleapis.com/v1/projects/bytestream-b25c7/databases/(default)/collectionGroups/-/fields?filter=indexConfig.usesAncestorConfig=false OR ttlConfig:* [none]
[debug] [2025-03-27T13:35:53.934Z] <<< [apiv2][status] GET https://firestore.googleapis.com/v1/projects/bytestream-b25c7/databases/(default)/collectionGroups/-/indexes 200
[debug] [2025-03-27T13:35:53.934Z] <<< [apiv2][body] GET https://firestore.googleapis.com/v1/projects/bytestream-b25c7/databases/(default)/collectionGroups/-/indexes {}
[debug] [2025-03-27T13:35:54.326Z] <<< [apiv2][status] GET https://firestore.googleapis.com/v1/projects/bytestream-b25c7/databases/(default)/collectionGroups/-/fields?filter=indexConfig.usesAncestorConfig=false OR ttlConfig:* 200
[debug] [2025-03-27T13:35:54.327Z] <<< [apiv2][body] GET https://firestore.googleapis.com/v1/projects/bytestream-b25c7/databases/(default)/collectionGroups/-/fields?filter=indexConfig.usesAncestorConfig=false OR ttlConfig:* {"fields":[{"name":"projects/bytestream-b25c7/databases/(default)/collectionGroups/__default__/fields/*","indexConfig":{"indexes":[{"queryScope":"COLLECTION","fields":[{"fieldPath":"*","order":"ASCENDING"}],"state":"READY"},{"queryScope":"COLLECTION","fields":[{"fieldPath":"*","order":"DESCENDING"}],"state":"READY"},{"queryScope":"COLLECTION","fields":[{"fieldPath":"*","arrayConfig":"CONTAINS"}],"state":"READY"}]}}]}
[info] 
=== Genkit Setup
[debug] [2025-03-27T13:35:59.210Z] > command requires scopes: ["email","openid","https://www.googleapis.com/auth/cloudplatformprojects.readonly","https://www.googleapis.com/auth/firebase","https://www.googleapis.com/auth/cloud-platform"]
[debug] [2025-03-27T13:35:59.211Z] > authorizing via signed-in user (jakubney27@gmail.com)
[debug] [2025-03-27T13:35:59.211Z] [iam] checking project bytestream-b25c7 for permissions ["firebase.projects.get"]
[debug] [2025-03-27T13:35:59.211Z] Checked if tokens are valid: true, expires at: 1743085845308
[debug] [2025-03-27T13:35:59.211Z] Checked if tokens are valid: true, expires at: 1743085845308
[debug] [2025-03-27T13:35:59.211Z] >>> [apiv2][query] POST https://cloudresourcemanager.googleapis.com/v1/projects/bytestream-b25c7:testIamPermissions [none]
[debug] [2025-03-27T13:35:59.211Z] >>> [apiv2][(partial)header] POST https://cloudresourcemanager.googleapis.com/v1/projects/bytestream-b25c7:testIamPermissions x-goog-quota-user=projects/bytestream-b25c7
[debug] [2025-03-27T13:35:59.211Z] >>> [apiv2][body] POST https://cloudresourcemanager.googleapis.com/v1/projects/bytestream-b25c7:testIamPermissions {"permissions":["firebase.projects.get"]}
[debug] [2025-03-27T13:35:59.952Z] <<< [apiv2][status] POST https://cloudresourcemanager.googleapis.com/v1/projects/bytestream-b25c7:testIamPermissions 200
[debug] [2025-03-27T13:35:59.952Z] <<< [apiv2][body] POST https://cloudresourcemanager.googleapis.com/v1/projects/bytestream-b25c7:testIamPermissions {"permissions":["firebase.projects.get"]}
[debug] [2025-03-27T13:35:59.952Z] Checked if tokens are valid: true, expires at: 1743085845308
[debug] [2025-03-27T13:35:59.952Z] Checked if tokens are valid: true, expires at: 1743085845308
[debug] [2025-03-27T13:35:59.953Z] Checked if tokens are valid: true, expires at: 1743085845308
[debug] [2025-03-27T13:35:59.953Z] Checked if tokens are valid: true, expires at: 1743085845308
[debug] [2025-03-27T13:35:59.953Z] >>> [apiv2][query] GET https://serviceusage.googleapis.com/v1/projects/bytestream-b25c7/services/cloudfunctions.googleapis.com [none]
[debug] [2025-03-27T13:35:59.953Z] >>> [apiv2][(partial)header] GET https://serviceusage.googleapis.com/v1/projects/bytestream-b25c7/services/cloudfunctions.googleapis.com x-goog-quota-user=projects/bytestream-b25c7
[debug] [2025-03-27T13:35:59.954Z] >>> [apiv2][query] GET https://serviceusage.googleapis.com/v1/projects/bytestream-b25c7/services/runtimeconfig.googleapis.com [none]
[debug] [2025-03-27T13:35:59.954Z] >>> [apiv2][(partial)header] GET https://serviceusage.googleapis.com/v1/projects/bytestream-b25c7/services/runtimeconfig.googleapis.com x-goog-quota-user=projects/bytestream-b25c7
[debug] [2025-03-27T13:36:00.405Z] <<< [apiv2][status] GET https://serviceusage.googleapis.com/v1/projects/bytestream-b25c7/services/runtimeconfig.googleapis.com 200
[debug] [2025-03-27T13:36:00.405Z] <<< [apiv2][body] GET https://serviceusage.googleapis.com/v1/projects/bytestream-b25c7/services/runtimeconfig.googleapis.com [omitted]
[debug] [2025-03-27T13:36:00.881Z] <<< [apiv2][status] GET https://serviceusage.googleapis.com/v1/projects/bytestream-b25c7/services/cloudfunctions.googleapis.com 200
[debug] [2025-03-27T13:36:00.881Z] <<< [apiv2][body] GET https://serviceusage.googleapis.com/v1/projects/bytestream-b25c7/services/cloudfunctions.googleapis.com [omitted]
[debug] [2025-03-27T13:36:00.881Z] Checked if tokens are valid: true, expires at: 1743085845308
[debug] [2025-03-27T13:36:00.881Z] Checked if tokens are valid: true, expires at: 1743085845308
[debug] [2025-03-27T13:36:00.881Z] >>> [apiv2][query] POST https://serviceusage.googleapis.com/v1/projects/bytestream-b25c7/services/cloudfunctions.googleapis.com:enable [none]
[debug] [2025-03-27T13:36:00.881Z] >>> [apiv2][(partial)header] POST https://serviceusage.googleapis.com/v1/projects/bytestream-b25c7/services/cloudfunctions.googleapis.com:enable x-goog-quota-user=projects/bytestream-b25c7
[debug] [2025-03-27T13:36:01.537Z] <<< [apiv2][status] POST https://serviceusage.googleapis.com/v1/projects/bytestream-b25c7/services/cloudfunctions.googleapis.com:enable 200
[debug] [2025-03-27T13:36:01.537Z] <<< [apiv2][body] POST https://serviceusage.googleapis.com/v1/projects/bytestream-b25c7/services/cloudfunctions.googleapis.com:enable [omitted]
[debug] [2025-03-27T13:36:11.539Z] Checked if tokens are valid: true, expires at: 1743085845308
[debug] [2025-03-27T13:36:11.539Z] Checked if tokens are valid: true, expires at: 1743085845308
[debug] [2025-03-27T13:36:11.539Z] >>> [apiv2][query] GET https://serviceusage.googleapis.com/v1/projects/bytestream-b25c7/services/cloudfunctions.googleapis.com [none]
[debug] [2025-03-27T13:36:11.539Z] >>> [apiv2][(partial)header] GET https://serviceusage.googleapis.com/v1/projects/bytestream-b25c7/services/cloudfunctions.googleapis.com x-goog-quota-user=projects/bytestream-b25c7
[debug] [2025-03-27T13:36:12.470Z] <<< [apiv2][status] GET https://serviceusage.googleapis.com/v1/projects/bytestream-b25c7/services/cloudfunctions.googleapis.com 200
[debug] [2025-03-27T13:36:12.470Z] <<< [apiv2][body] GET https://serviceusage.googleapis.com/v1/projects/bytestream-b25c7/services/cloudfunctions.googleapis.com [omitted]
[info] Let's create a new codebase for your functions.
[info] A directory corresponding to the codebase will be created in your project
[info] with sample code pre-configured.

[info] See https://firebase.google.com/docs/functions/organize-functions for
[info] more information on organizing your functions using codebases.

[info] Functions can be deployed with firebase deploy.

[info] i  Skipping write of functions/package.json 
[info] i  functions/.eslintrc.js is unchanged 
[info] i  functions/tsconfig.json is unchanged 
[info] i  functions/tsconfig.dev.json is unchanged 
[info] i  functions/src/index.ts is unchanged 
[info] i  functions/.gitignore is unchanged 
[info] 
[info] i  genkit: Installing Genkit CLI version 1.4.0
 
[info] i  genkit: Installing NPM packages for genkit 
[info] +  genkit: Successfully installed NPM packages 
[info] i  genkit: Updating tsconfig.json 
[info] +  genkit: Successfully updated tsconfig.json 
[info] i  genkit: Updating package.json 
[info] +  genkit: Successfully updated package.json 
[info] i  genkit: Generating sample file 
[info] +  genkit: Successfully generated sample file (src/genkit-sample.ts) 
[info] 
Login to Google Cloud using:
[info]     gcloud auth application-default login --project undefined

[info] Then start the Genkit developer experience by running:
[info]     cd functions && npm run genkit:start
[info] 
=== Functions Setup
[debug] [2025-03-27T13:41:40.500Z] > command requires scopes: ["email","openid","https://www.googleapis.com/auth/cloudplatformprojects.readonly","https://www.googleapis.com/auth/firebase","https://www.googleapis.com/auth/cloud-platform"]
[debug] [2025-03-27T13:41:40.500Z] > authorizing via signed-in user (jakubney27@gmail.com)
[debug] [2025-03-27T13:41:40.500Z] [iam] checking project bytestream-b25c7 for permissions ["firebase.projects.get"]
[debug] [2025-03-27T13:41:40.500Z] Checked if tokens are valid: true, expires at: 1743085845308
[debug] [2025-03-27T13:41:40.500Z] Checked if tokens are valid: true, expires at: 1743085845308
[debug] [2025-03-27T13:41:40.500Z] >>> [apiv2][query] POST https://cloudresourcemanager.googleapis.com/v1/projects/bytestream-b25c7:testIamPermissions [none]
[debug] [2025-03-27T13:41:40.500Z] >>> [apiv2][(partial)header] POST https://cloudresourcemanager.googleapis.com/v1/projects/bytestream-b25c7:testIamPermissions x-goog-quota-user=projects/bytestream-b25c7
[debug] [2025-03-27T13:41:40.500Z] >>> [apiv2][body] POST https://cloudresourcemanager.googleapis.com/v1/projects/bytestream-b25c7:testIamPermissions {"permissions":["firebase.projects.get"]}
[debug] [2025-03-27T13:41:40.814Z] <<< [apiv2][status] POST https://cloudresourcemanager.googleapis.com/v1/projects/bytestream-b25c7:testIamPermissions 200
[debug] [2025-03-27T13:41:40.815Z] <<< [apiv2][body] POST https://cloudresourcemanager.googleapis.com/v1/projects/bytestream-b25c7:testIamPermissions {"permissions":["firebase.projects.get"]}
[debug] [2025-03-27T13:41:40.815Z] Checked if tokens are valid: true, expires at: 1743085845308
[debug] [2025-03-27T13:41:40.815Z] Checked if tokens are valid: true, expires at: 1743085845308
[debug] [2025-03-27T13:41:40.815Z] Checked if tokens are valid: true, expires at: 1743085845308
[debug] [2025-03-27T13:41:40.815Z] Checked if tokens are valid: true, expires at: 1743085845308
[debug] [2025-03-27T13:41:40.815Z] >>> [apiv2][query] GET https://serviceusage.googleapis.com/v1/projects/bytestream-b25c7/services/cloudfunctions.googleapis.com [none]
[debug] [2025-03-27T13:41:40.815Z] >>> [apiv2][(partial)header] GET https://serviceusage.googleapis.com/v1/projects/bytestream-b25c7/services/cloudfunctions.googleapis.com x-goog-quota-user=projects/bytestream-b25c7
[debug] [2025-03-27T13:41:40.816Z] >>> [apiv2][query] GET https://serviceusage.googleapis.com/v1/projects/bytestream-b25c7/services/runtimeconfig.googleapis.com [none]
[debug] [2025-03-27T13:41:40.816Z] >>> [apiv2][(partial)header] GET https://serviceusage.googleapis.com/v1/projects/bytestream-b25c7/services/runtimeconfig.googleapis.com x-goog-quota-user=projects/bytestream-b25c7
[debug] [2025-03-27T13:41:41.248Z] <<< [apiv2][status] GET https://serviceusage.googleapis.com/v1/projects/bytestream-b25c7/services/runtimeconfig.googleapis.com 200
[debug] [2025-03-27T13:41:41.248Z] <<< [apiv2][body] GET https://serviceusage.googleapis.com/v1/projects/bytestream-b25c7/services/runtimeconfig.googleapis.com [omitted]
[debug] [2025-03-27T13:41:41.747Z] <<< [apiv2][status] GET https://serviceusage.googleapis.com/v1/projects/bytestream-b25c7/services/cloudfunctions.googleapis.com 200
[debug] [2025-03-27T13:41:41.747Z] <<< [apiv2][body] GET https://serviceusage.googleapis.com/v1/projects/bytestream-b25c7/services/cloudfunctions.googleapis.com [omitted]
[info] 
Detected existing codebase(s): default

[info] Let's create a new codebase for your functions.
[info] A directory corresponding to the codebase will be created in your project
[info] with sample code pre-configured.

[info] See https://firebase.google.com/docs/functions/organize-functions for
[info] more information on organizing your functions using codebases.

[info] Functions can be deployed with firebase deploy.

[error] Invalid codebase name. Codebase must be less than 64 characters and can contain only lowercase letters, numeric characters, underscores, and dashes.
[error] Invalid codebase name. Codebase must be less than 64 characters and can contain only lowercase letters, numeric characters, underscores, and dashes.
[info] i  Skipping write of code/package.json 
[info] +  Wrote code/index.js 
[info] i  Skipping write of code/.gitignore 
[info] 
=== Apphosting Setup
[debug] [2025-03-27T13:44:04.453Z] Checked if tokens are valid: true, expires at: 1743085845308
[debug] [2025-03-27T13:44:04.453Z] Checked if tokens are valid: true, expires at: 1743085845308
[debug] [2025-03-27T13:44:04.453Z] >>> [apiv2][query] GET https://cloudbilling.googleapis.com/v1/projects/bytestream-b25c7/billingInfo [none]
[debug] [2025-03-27T13:44:05.259Z] <<< [apiv2][status] GET https://cloudbilling.googleapis.com/v1/projects/bytestream-b25c7/billingInfo 200
[debug] [2025-03-27T13:44:05.259Z] <<< [apiv2][body] GET https://cloudbilling.googleapis.com/v1/projects/bytestream-b25c7/billingInfo {"name":"projects/bytestream-b25c7/billingInfo","projectId":"bytestream-b25c7","billingAccountName":"","billingEnabled":false}
[info] i  Writing default settings to apphosting.yaml... 
[info] +  Wrote apphosting.yaml 
[info] +  Create a new App Hosting backend with `firebase apphosting:backends:create` 
[info] 
=== Hosting Setup
[debug] [2025-03-27T13:44:05.264Z] Checked if tokens are valid: true, expires at: 1743085845308
[debug] [2025-03-27T13:44:05.264Z] Checked if tokens are valid: true, expires at: 1743085845308
[debug] [2025-03-27T13:44:05.264Z] >>> [apiv2][query] GET https://firebase.googleapis.com/v1beta1/projects/bytestream-b25c7 [none]
[debug] [2025-03-27T13:44:05.671Z] <<< [apiv2][status] GET https://firebase.googleapis.com/v1beta1/projects/bytestream-b25c7 200
[debug] [2025-03-27T13:44:05.671Z] <<< [apiv2][body] GET https://firebase.googleapis.com/v1beta1/projects/bytestream-b25c7 {"projectId":"bytestream-b25c7","projectNumber":"442708898422","displayName":"ByteStream","name":"projects/bytestream-b25c7","resources":{"hostingSite":"bytestream-b25c7"},"state":"ACTIVE","etag":"1_ca728160-60be-46c6-b632-fc0d30639e40"}
[info] 
[info] Your public directory is the folder (relative to your project directory) that
[info] will contain Hosting assets to be uploaded with firebase deploy. If you
[info] have a build process for your assets, use your build's output directory.
[info] 
[info] i  public/404.html is unchanged 
[debug] [2025-03-27T13:45:20.894Z] >>> [apiv2][query] GET https://www.gstatic.com/firebasejs/releases.json [none]
[debug] [2025-03-27T13:45:21.075Z] <<< [apiv2][status] GET https://www.gstatic.com/firebasejs/releases.json 200
[debug] [2025-03-27T13:45:21.075Z] <<< [apiv2][body] GET https://www.gstatic.com/firebasejs/releases.json {"current":{"version":"11.5.0","browserURL":"https://www.gstatic.com/firebasejs/11.5.0/firebase.js","packageURL":"https://www.gstatic.com/firebasejs/11.5.0/firebase.tgz"},"live":{"version":"11.5","browserURL":"https://www.gstatic.com/firebasejs/live/11.5/firebase.js","packageURL":"https://www.gstatic.com/firebasejs/live/11.5/firebase.tgz"},"components":{"analytics":"https://www.gstatic.com/firebasejs/11.5.0/firebase-analytics.js","app":"https://www.gstatic.com/firebasejs/11.5.0/firebase-app.js","app-check":"https://www.gstatic.com/firebasejs/11.5.0/firebase-app-check.js","auth":"https://www.gstatic.com/firebasejs/11.5.0/firebase-auth.js","auth/cordova":"https://www.gstatic.com/firebasejs/11.5.0/firebase-auth/cordova.js","auth/web-extension":"https://www.gstatic.com/firebasejs/11.5.0/firebase-auth/web-extension.js","functions":"https://www.gstatic.com/firebasejs/11.5.0/firebase-functions.js","firestore":"https://www.gstatic.com/firebasejs/11.5.0/firebase-firestore.js","firestore/lite":"https://www.gstatic.com/firebasejs/11.5.0/firebase-firestore/lite.js","installations":"https://www.gstatic.com/firebasejs/11.5.0/firebase-installations.js","storage":"https://www.gstatic.com/firebasejs/11.5.0/firebase-storage.js","performance":"https://www.gstatic.com/firebasejs/11.5.0/firebase-performance.js","remote-config":"https://www.gstatic.com/firebasejs/11.5.0/firebase-remote-config.js","messaging":"https://www.gstatic.com/firebasejs/11.5.0/firebase-messaging.js","messaging/sw":"https://www.gstatic.com/firebasejs/11.5.0/firebase-messaging/sw.js","database":"https://www.gstatic.com/firebasejs/11.5.0/firebase-database.js","vertexai":"https://www.gstatic.com/firebasejs/11.5.0/firebase-vertexai.js","data-connect":"https://www.gstatic.com/firebasejs/11.5.0/firebase-data-connect.js","firestore.memory":"https://www.gstatic.com/firebasejs/11.5.0/firebase-firestore.memory.js"}}
[info] i  Skipping write of public/index.html 
[info] 
[info] i  Didn't detect a .git folder. Assuming C:\Users\HP\OneDrive\Desktop\Stranka is the project root. 
[info] i  Authorizing with GitHub to upload your service account to a GitHub repository's secrets store. 
[info] 
[info] Visit this URL on this device to log in:
[info] https://github.com/login/oauth/authorize?client_id=89cf50f02ac6aaed3484&state=248299219&redirect_uri=http%3A%2F%2Flocalhost%3A9005&scope=read%3Auser%20repo%20public_repo
[info] 
[info] Waiting for authentication...
[debug] [2025-03-27T13:45:25.954Z] >>> [apiv2][query] POST https://github.com/login/oauth/access_token [none]
[debug] [2025-03-27T13:45:25.954Z] >>> [apiv2][body] POST https://github.com/login/oauth/access_token [stream]
[debug] [2025-03-27T13:45:26.319Z] <<< [apiv2][status] POST https://github.com/login/oauth/access_token 200
[debug] [2025-03-27T13:45:26.319Z] <<< [apiv2][body] POST https://github.com/login/oauth/access_token {"access_token":"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","token_type":"bearer","scope":"read:user,repo"}
[debug] [2025-03-27T13:45:26.322Z] >>> [apiv2][query] GET https://api.github.com/user [none]
[debug] [2025-03-27T13:45:26.654Z] <<< [apiv2][status] GET https://api.github.com/user 200
[debug] [2025-03-27T13:45:26.654Z] <<< [apiv2][body] GET https://api.github.com/user {"login":"kopacaju","id":192690109,"node_id":"U_kgDOC3w3vQ","avatar_url":"https://avatars.githubusercontent.com/u/192690109?v=4","gravatar_id":"","url":"https://api.github.com/users/kopacaju","html_url":"https://github.com/kopacaju","followers_url":"https://api.github.com/users/kopacaju/followers","following_url":"https://api.github.com/users/kopacaju/following{/other_user}","gists_url":"https://api.github.com/users/kopacaju/gists{/gist_id}","starred_url":"https://api.github.com/users/kopacaju/starred{/owner}{/repo}","subscriptions_url":"https://api.github.com/users/kopacaju/subscriptions","organizations_url":"https://api.github.com/users/kopacaju/orgs","repos_url":"https://api.github.com/users/kopacaju/repos","events_url":"https://api.github.com/users/kopacaju/events{/privacy}","received_events_url":"https://api.github.com/users/kopacaju/received_events","type":"User","user_view_type":"private","site_admin":false,"name":null,"company":null,"blog":"","location":null,"email":null,"hireable":null,"bio":null,"twitter_username":null,"notification_email":null,"public_repos":3,"public_gists":0,"followers":0,"following":0,"created_at":"2024-12-24T08:39:45Z","updated_at":"2025-03-23T01:25:17Z","private_gists":0,"total_private_repos":1,"owned_private_repos":1,"disk_usage":123924,"collaborators":0,"two_factor_authentication":false,"plan":{"name":"free","space":976562499,"collaborators":0,"private_repos":10000}}
[info] 
[info] +  Success! Logged into GitHub as kopacaju 
[info] 
[debug] [2025-03-27T13:45:30.298Z] >>> [apiv2][query] GET https://api.github.com/repos//actions/secrets/public-key type=owner
[debug] [2025-03-27T13:45:30.468Z] <<< [apiv2][status] GET https://api.github.com/repos//actions/secrets/public-key 404
[debug] [2025-03-27T13:45:30.468Z] <<< [apiv2][body] GET https://api.github.com/repos//actions/secrets/public-key {"message":"Not Found","documentation_url":"https://docs.github.com/rest","status":"404"}
[info] 
[info] 
[error] !  The provided authorization cannot be used with this repository. If this repository is in an organization, did you remember to grant access? 
[info] 
[info] i  Action required: Visit this URL to ensure access has been granted to the appropriate organization(s) for the Firebase CLI GitHub OAuth App: 
[info] https://github.com/settings/connections/applications/89cf50f02ac6aaed3484
[info] 
[debug] [2025-03-27T13:46:27.245Z] >>> [apiv2][query] GET https://api.github.com/repos/https://github.com/kopacaju/ByteStream/actions/secrets/public-key type=owner
[debug] [2025-03-27T13:46:27.531Z] <<< [apiv2][status] GET https://api.github.com/repos/https://github.com/kopacaju/ByteStream/actions/secrets/public-key 404
[debug] [2025-03-27T13:46:27.531Z] <<< [apiv2][body] GET https://api.github.com/repos/https://github.com/kopacaju/ByteStream/actions/secrets/public-key {"message":"Not Found","documentation_url":"https://docs.github.com/rest","status":"404"}
[info] 
[info] 
[error] !  The provided authorization cannot be used with this repository. If this repository is in an organization, did you remember to grant access? 
[info] 
[info] i  Action required: Visit this URL to ensure access has been granted to the appropriate organization(s) for the Firebase CLI GitHub OAuth App: 
[info] https://github.com/settings/connections/applications/89cf50f02ac6aaed3484
[info] 
[debug] [2025-03-27T13:50:31.246Z] >>> [apiv2][query] GET https://api.github.com/repos/https://github.com/kopacaju/ByteStream/actions/secrets/public-key type=owner
[debug] [2025-03-27T13:50:31.402Z] >>> [apiv2][query] GET https://api.github.com/repos//actions/secrets/public-key type=owner
[debug] [2025-03-27T13:50:31.515Z] >>> [apiv2][query] GET https://api.github.com/repos//actions/secrets/public-key type=owner
[debug] [2025-03-27T13:50:31.572Z] <<< [apiv2][status] GET https://api.github.com/repos/https://github.com/kopacaju/ByteStream/actions/secrets/public-key 404
[debug] [2025-03-27T13:50:31.572Z] <<< [apiv2][body] GET https://api.github.com/repos/https://github.com/kopacaju/ByteStream/actions/secrets/public-key {"message":"Not Found","documentation_url":"https://docs.github.com/rest","status":"404"}
[info] 
[info] 
[error] !  The provided authorization cannot be used with this repository. If this repository is in an organization, did you remember to grant access? 
[info] 
[info] i  Action required: Visit this URL to ensure access has been granted to the appropriate organization(s) for the Firebase CLI GitHub OAuth App: 
[info] https://github.com/settings/connections/applications/89cf50f02ac6aaed3484
[info] 
[debug] [2025-03-27T13:50:31.669Z] >>> [apiv2][query] GET https://api.github.com/repos/https://github.com/kopacaju/ByteStream/actions/secrets/public-key type=owner
[debug] [2025-03-27T13:50:31.671Z] <<< [apiv2][status] GET https://api.github.com/repos//actions/secrets/public-key 404
[debug] [2025-03-27T13:50:31.671Z] <<< [apiv2][body] GET https://api.github.com/repos//actions/secrets/public-key {"message":"Not Found","documentation_url":"https://docs.github.com/rest","status":"404"}
[info] 
[info] 
[error] !  The provided authorization cannot be used with this repository. If this repository is in an organization, did you remember to grant access? 
[info] 
[info] i  Action required: Visit this URL to ensure access has been granted to the appropriate organization(s) for the Firebase CLI GitHub OAuth App: 
[info] https://github.com/settings/connections/applications/89cf50f02ac6aaed3484
[info] 
[debug] [2025-03-27T13:50:31.768Z] <<< [apiv2][status] GET https://api.github.com/repos//actions/secrets/public-key 404
[debug] [2025-03-27T13:50:31.768Z] <<< [apiv2][body] GET https://api.github.com/repos//actions/secrets/public-key {"message":"Not Found","documentation_url":"https://docs.github.com/rest","status":"404"}
[info] 
[info] 
[error] !  The provided authorization cannot be used with this repository. If this repository is in an organization, did you remember to grant access? 
[info] 
[info] i  Action required: Visit this URL to ensure access has been granted to the appropriate organization(s) for the Firebase CLI GitHub OAuth App: 
[info] https://github.com/settings/connections/applications/89cf50f02ac6aaed3484
[info] 
[debug] [2025-03-27T13:50:31.841Z] <<< [apiv2][status] GET https://api.github.com/repos/https://github.com/kopacaju/ByteStream/actions/secrets/public-key 404
[debug] [2025-03-27T13:50:31.841Z] <<< [apiv2][body] GET https://api.github.com/repos/https://github.com/kopacaju/ByteStream/actions/secrets/public-key {"message":"Not Found","documentation_url":"https://docs.github.com/rest","status":"404"}
[info] 
[info] 
[error] !  The provided authorization cannot be used with this repository. If this repository is in an organization, did you remember to grant access? 
[info] 
[info] i  Action required: Visit this URL to ensure access has been granted to the appropriate organization(s) for the Firebase CLI GitHub OAuth App: 
[info] https://github.com/settings/connections/applications/89cf50f02ac6aaed3484
[info] 
[debug] [2025-03-27T13:50:32.388Z] >>> [apiv2][query] GET https://api.github.com/repos/https://github.com/kopacaju/ByteStream/actions/secrets/public-key type=owner
[debug] [2025-03-27T13:50:32.547Z] <<< [apiv2][status] GET https://api.github.com/repos/https://github.com/kopacaju/ByteStream/actions/secrets/public-key 404
[debug] [2025-03-27T13:50:32.547Z] <<< [apiv2][body] GET https://api.github.com/repos/https://github.com/kopacaju/ByteStream/actions/secrets/public-key {"message":"Not Found","documentation_url":"https://docs.github.com/rest","status":"404"}
[info] 
[info] 
[error] !  The provided authorization cannot be used with this repository. If this repository is in an organization, did you remember to grant access? 
[info] 
[info] i  Action required: Visit this URL to ensure access has been granted to the appropriate organization(s) for the Firebase CLI GitHub OAuth App: 
[info] https://github.com/settings/connections/applications/89cf50f02ac6aaed3484
[info] 
[debug] [2025-03-27T13:50:32.588Z] >>> [apiv2][query] GET https://api.github.com/repos/https://github.com/kopacaju/ByteStream/actions/secrets/public-key type=owner
[debug] [2025-03-27T13:50:32.747Z] <<< [apiv2][status] GET https://api.github.com/repos/https://github.com/kopacaju/ByteStream/actions/secrets/public-key 404
[debug] [2025-03-27T13:50:32.747Z] <<< [apiv2][body] GET https://api.github.com/repos/https://github.com/kopacaju/ByteStream/actions/secrets/public-key {"message":"Not Found","documentation_url":"https://docs.github.com/rest","status":"404"}
[info] 
[info] 
[error] !  The provided authorization cannot be used with this repository. If this repository is in an organization, did you remember to grant access? 
[info] 
[info] i  Action required: Visit this URL to ensure access has been granted to the appropriate organization(s) for the Firebase CLI GitHub OAuth App: 
[info] https://github.com/settings/connections/applications/89cf50f02ac6aaed3484
[info] 
[debug] [2025-03-27T13:50:33.097Z] >>> [apiv2][query] GET https://api.github.com/repos/https://github.com/kopacaju/ByteStream/actions/secrets/public-key type=owner
[debug] [2025-03-27T13:50:33.263Z] <<< [apiv2][status] GET https://api.github.com/repos/https://github.com/kopacaju/ByteStream/actions/secrets/public-key 404
[debug] [2025-03-27T13:50:33.263Z] <<< [apiv2][body] GET https://api.github.com/repos/https://github.com/kopacaju/ByteStream/actions/secrets/public-key {"message":"Not Found","documentation_url":"https://docs.github.com/rest","status":"404"}
[info] 
[info] 
[error] !  The provided authorization cannot be used with this repository. If this repository is in an organization, did you remember to grant access? 
[info] 
[info] i  Action required: Visit this URL to ensure access has been granted to the appropriate organization(s) for the Firebase CLI GitHub OAuth App: 
[info] https://github.com/settings/connections/applications/89cf50f02ac6aaed3484
[info] 
[debug] [2025-03-27T13:50:34.065Z] >>> [apiv2][query] GET https://api.github.com/repos/https://github.com/kopacaju/ByteStream/actions/secrets/public-key type=owner
[debug] [2025-03-27T13:50:34.278Z] <<< [apiv2][status] GET https://api.github.com/repos/https://github.com/kopacaju/ByteStream/actions/secrets/public-key 404
[debug] [2025-03-27T13:50:34.278Z] <<< [apiv2][body] GET https://api.github.com/repos/https://github.com/kopacaju/ByteStream/actions/secrets/public-key {"message":"Not Found","documentation_url":"https://docs.github.com/rest","status":"404"}
[info] 
[info] 
[error] !  The provided authorization cannot be used with this repository. If this repository is in an organization, did you remember to grant access? 
[info] 
[info] i  Action required: Visit this URL to ensure access has been granted to the appropriate organization(s) for the Firebase CLI GitHub OAuth App: 
[info] https://github.com/settings/connections/applications/89cf50f02ac6aaed3484
[info] 
[debug] [2025-03-27T13:50:42.675Z] >>> [apiv2][query] GET https://api.github.com/repos/https://github.com/kopacaju/ByteStream/actions/secrets/public-key type=owner
[debug] [2025-03-27T13:50:42.934Z] <<< [apiv2][status] GET https://api.github.com/repos/https://github.com/kopacaju/ByteStream/actions/secrets/public-key 404
[debug] [2025-03-27T13:50:42.934Z] <<< [apiv2][body] GET https://api.github.com/repos/https://github.com/kopacaju/ByteStream/actions/secrets/public-key {"message":"Not Found","documentation_url":"https://docs.github.com/rest","status":"404"}
[info] 
[info] 
[error] !  The provided authorization cannot be used with this repository. If this repository is in an organization, did you remember to grant access? 
[info] 
[info] i  Action required: Visit this URL to ensure access has been granted to the appropriate organization(s) for the Firebase CLI GitHub OAuth App: 
[info] https://github.com/settings/connections/applications/89cf50f02ac6aaed3484
[info] 
[debug] [2025-03-27T13:53:23.686Z] >>> [apiv2][query] GET https://api.github.com/repos/https://github.com/kopacaju/ByteStream/actions/secrets/public-key type=owner
[debug] [2025-03-27T13:53:23.944Z] <<< [apiv2][status] GET https://api.github.com/repos/https://github.com/kopacaju/ByteStream/actions/secrets/public-key 404
[debug] [2025-03-27T13:53:23.944Z] <<< [apiv2][body] GET https://api.github.com/repos/https://github.com/kopacaju/ByteStream/actions/secrets/public-key {"message":"Not Found","documentation_url":"https://docs.github.com/rest","status":"404"}
[info] 
[info] 
[error] !  The provided authorization cannot be used with this repository. If this repository is in an organization, did you remember to grant access? 
[info] 
[info] i  Action required: Visit this URL to ensure access has been granted to the appropriate organization(s) for the Firebase CLI GitHub OAuth App: 
[info] https://github.com/settings/connections/applications/89cf50f02ac6aaed3484
[info] 
